<?xml version="1.0" encoding="UTF-8"?>
<testsuites name="TestOpsIntegration" time="44.925" tests="1" failures="0" errors="0">
   <testsuite name="TestOpsIntegration" tests="1" failures="0" errors="0" time="44.925" skipped="0" timestamp="2024-04-09 11:57:53" hostname="ravik - 10.0.0.58" id="Test Suites/TestOpsIntegration">
      <properties>
[...]
</properties>
      <testcase name="Test Cases/TestOpsIntegration/TestOpsTesting 01" time="44.361" classname="Test Cases/TestOpsIntegration/TestOpsTesting 01" status="PASSED">
         <system-out><![CDATA[2024-04-09 11:57:54 - [TEST_CASE][PASSED] - Test Cases/TestOpsIntegration/TestOpsTesting 01: Test Cases/TestOpsIntegration/TestOpsTesting 01

2024-04-09 11:57:54 - [TEST_STEP][PASSED] - openBrowser(""): Browser is opened with url: ''

2024-04-09 11:57:55 - [MESSAGE][INFO] - User set preference: ['os', 'windows']

2024-04-09 11:57:55 - [MESSAGE][INFO] - User set preference: ['browserName', 'chrome']

2024-04-09 11:57:55 - [MESSAGE][INFO] - User set preference: ['browserVersion', '114']

2024-04-09 11:57:55 - [MESSAGE][INFO] - User set preference: ['katalon:option', '{organizationId=545736, tunnelId=, usingTunnel=false}']

2024-04-09 11:57:55 - [MESSAGE][INFO] - Connecting to remote web server 'testcloud.katalon.com/hub' with type 'Selenium'

2024-04-09 11:57:57 - [MESSAGE][INFO] - Action delay is set to 0 milliseconds

2024-04-09 11:58:18 - [MESSAGE][PASSED] - Browser is opened with url: ''

2024-04-09 11:58:18 - [TEST_STEP][PASSED] - navigateToUrl("https://katalon-demo-cura.herokuapp.com/"): Navigate to 'https://katalon-demo-cura.herokuapp.com/' successfully

2024-04-09 11:58:19 - [MESSAGE][PASSED] - Navigate to 'https://katalon-demo-cura.herokuapp.com/' successfully

2024-04-09 11:58:19 - [TEST_STEP][PASSED] - click(findTestObject("Object Repository/TestOpsIntegration/Page_CURA Healthcare Service/a_Make Appointment")): Object: 'Object Repository/TestOpsIntegration/Page_CURA Healthcare Service/a_Make Appointment' is clicked on

2024-04-09 11:58:20 - [MESSAGE][PASSED] - Object: 'Object Repository/TestOpsIntegration/Page_CURA Healthcare Service/a_Make Appointment' is clicked on

2024-04-09 11:58:20 - [TEST_STEP][PASSED] - setText(findTestObject("Object Repository/TestOpsIntegration/Page_CURA Healthcare Service/input_Username_username"), "John Doe"): Text 'John Doe' is set on object 'Object Repository/TestOpsIntegration/Page_CURA Healthcare Service/input_Username_username'

2024-04-09 11:58:23 - [MESSAGE][PASSED] - Text 'John Doe' is set on object 'Object Repository/TestOpsIntegration/Page_CURA Healthcare Service/input_Username_username'

2024-04-09 11:58:23 - [TEST_STEP][PASSED] - setEncryptedText(findTestObject("Object Repository/TestOpsIntegration/Page_CURA Healthcare Service/input_Password_password"), "g3/DOGG74jC3Flrr3yH+3D/yKbOqqUNM"): Text ****** has been set on object 'Object Repository/TestOpsIntegration/Page_CURA Healthcare Service/input_Password_password'

2024-04-09 11:58:25 - [MESSAGE][PASSED] - Text ****** has been set on object 'Object Repository/TestOpsIntegration/Page_CURA Healthcare Service/input_Password_password'

2024-04-09 11:58:25 - [TEST_STEP][PASSED] - click(findTestObject("Object Repository/TestOpsIntegration/Page_CURA Healthcare Service/button_Login")): Object: 'Object Repository/TestOpsIntegration/Page_CURA Healthcare Service/button_Login' is clicked on

2024-04-09 11:58:27 - [MESSAGE][PASSED] - Object: 'Object Repository/TestOpsIntegration/Page_CURA Healthcare Service/button_Login' is clicked on

2024-04-09 11:58:27 - [TEST_STEP][PASSED] - click(findTestObject("Object Repository/TestOpsIntegration/Page_CURA Healthcare Service/input_Medicaid_programs")): Object: 'Object Repository/TestOpsIntegration/Page_CURA Healthcare Service/input_Medicaid_programs' is clicked on

2024-04-09 11:58:28 - [MESSAGE][PASSED] - Object: 'Object Repository/TestOpsIntegration/Page_CURA Healthcare Service/input_Medicaid_programs' is clicked on

2024-04-09 11:58:28 - [TEST_STEP][PASSED] - click(findTestObject("Object Repository/TestOpsIntegration/Page_CURA Healthcare Service/span_Visit Date (Required)_glyphicon glyphi_cada34")): Object: 'Object Repository/TestOpsIntegration/Page_CURA Healthcare Service/span_Visit Date (Required)_glyphicon glyphi_cada34' is clicked on

2024-04-09 11:58:30 - [MESSAGE][PASSED] - Object: 'Object Repository/TestOpsIntegration/Page_CURA Healthcare Service/span_Visit Date (Required)_glyphicon glyphi_cada34' is clicked on

2024-04-09 11:58:30 - [TEST_STEP][PASSED] - click(findTestObject("Object Repository/TestOpsIntegration/Page_CURA Healthcare Service/td_22")): Object: 'Object Repository/TestOpsIntegration/Page_CURA Healthcare Service/td_22' is clicked on

2024-04-09 11:58:31 - [MESSAGE][PASSED] - Object: 'Object Repository/TestOpsIntegration/Page_CURA Healthcare Service/td_22' is clicked on

2024-04-09 11:58:31 - [TEST_STEP][PASSED] - click(findTestObject("Object Repository/TestOpsIntegration/Page_CURA Healthcare Service/input_Visit Date (Required)_visit_date")): Object: 'Object Repository/TestOpsIntegration/Page_CURA Healthcare Service/input_Visit Date (Required)_visit_date' is clicked on

2024-04-09 11:58:33 - [MESSAGE][PASSED] - Object: 'Object Repository/TestOpsIntegration/Page_CURA Healthcare Service/input_Visit Date (Required)_visit_date' is clicked on

2024-04-09 11:58:33 - [TEST_STEP][PASSED] - setText(findTestObject("Object Repository/TestOpsIntegration/Page_CURA Healthcare Service/textarea_Comment_comment"), "Appointment"): Text 'Appointment' is set on object 'Object Repository/TestOpsIntegration/Page_CURA Healthcare Service/textarea_Comment_comment'

2024-04-09 11:58:35 - [MESSAGE][PASSED] - Text 'Appointment' is set on object 'Object Repository/TestOpsIntegration/Page_CURA Healthcare Service/textarea_Comment_comment'

2024-04-09 11:58:35 - [TEST_STEP][PASSED] - click(findTestObject("Object Repository/TestOpsIntegration/Page_CURA Healthcare Service/button_Book Appointment")): Object: 'Object Repository/TestOpsIntegration/Page_CURA Healthcare Service/button_Book Appointment' is clicked on

2024-04-09 11:58:37 - [MESSAGE][PASSED] - Object: 'Object Repository/TestOpsIntegration/Page_CURA Healthcare Service/button_Book Appointment' is clicked on

2024-04-09 11:58:37 - [TEST_STEP][PASSED] - closeBrowser(): Browser is closed

2024-04-09 11:58:38 - [MESSAGE][PASSED] - Browser is closed]]></system-out>
         <system-err><![CDATA[]]></system-err>
      </testcase>
      <system-out><![CDATA[2024-04-09 11:57:53 - [TEST_SUITE][PASSED] - TestOpsIntegration: Test Cases/TestOpsIntegration/TestOpsTesting 01]]></system-out>
      <system-err><![CDATA[]]></system-err>
   </testsuite>
</testsuites>
