<?xml version="1.0" encoding="UTF-8"?>
<testsuites name="TestOpsIntegration" time="46.761" tests="1" failures="0" errors="0">
   <testsuite name="TestOpsIntegration" tests="1" failures="0" errors="0" time="46.761" skipped="0" timestamp="2024-04-07 22:05:15" hostname="ravik - 10.0.0.58" id="Test Suites/TestOpsIntegration">
      <properties>
[...]
</properties>
      <testcase name="Test Cases/TestOpsIntegration/TestOpsTesting" time="46.319" classname="Test Cases/TestOpsIntegration/TestOpsTesting" status="PASSED">
         <system-out><![CDATA[2024-04-07 22:05:15 - [TEST_CASE][PASSED] - Test Cases/TestOpsIntegration/TestOpsTesting: Test Cases/TestOpsIntegration/TestOpsTesting

2024-04-07 22:05:16 - [TEST_STEP][PASSED] - openBrowser(""): Browser is opened with url: ''

2024-04-07 22:05:16 - [MESSAGE][INFO] - User set preference: ['os', 'windows']

2024-04-07 22:05:16 - [MESSAGE][INFO] - User set preference: ['browserName', 'msedge']

2024-04-07 22:05:16 - [MESSAGE][INFO] - User set preference: ['browserVersion', '114']

2024-04-07 22:05:16 - [MESSAGE][INFO] - User set preference: ['katalon:option', '{organizationId=545736, tunnelId=, usingTunnel=false}']

2024-04-07 22:05:16 - [MESSAGE][INFO] - Connecting to remote web server 'testcloud.katalon.com/hub' with type 'Selenium'

2024-04-07 22:05:17 - [MESSAGE][INFO] - Action delay is set to 0 milliseconds

2024-04-07 22:05:40 - [MESSAGE][PASSED] - Browser is opened with url: ''

2024-04-07 22:05:40 - [TEST_STEP][PASSED] - navigateToUrl("https://katalon-demo-cura.herokuapp.com/"): Navigate to 'https://katalon-demo-cura.herokuapp.com/' successfully

2024-04-07 22:05:41 - [MESSAGE][PASSED] - Navigate to 'https://katalon-demo-cura.herokuapp.com/' successfully

2024-04-07 22:05:41 - [TEST_STEP][PASSED] - click(findTestObject("Object Repository/TestOpsIntegration/Page_CURA Healthcare Service/a_Make Appointment")): Object: 'Object Repository/TestOpsIntegration/Page_CURA Healthcare Service/a_Make Appointment' is clicked on

2024-04-07 22:05:43 - [MESSAGE][PASSED] - Object: 'Object Repository/TestOpsIntegration/Page_CURA Healthcare Service/a_Make Appointment' is clicked on

2024-04-07 22:05:43 - [TEST_STEP][PASSED] - setText(findTestObject("Object Repository/TestOpsIntegration/Page_CURA Healthcare Service/input_Username_username"), "John Doe"): Text 'John Doe' is set on object 'Object Repository/TestOpsIntegration/Page_CURA Healthcare Service/input_Username_username'

2024-04-07 22:05:46 - [MESSAGE][PASSED] - Text 'John Doe' is set on object 'Object Repository/TestOpsIntegration/Page_CURA Healthcare Service/input_Username_username'

2024-04-07 22:05:46 - [TEST_STEP][PASSED] - setEncryptedText(findTestObject("Object Repository/TestOpsIntegration/Page_CURA Healthcare Service/input_Password_password"), "g3/DOGG74jC3Flrr3yH+3D/yKbOqqUNM"): Text ****** has been set on object 'Object Repository/TestOpsIntegration/Page_CURA Healthcare Service/input_Password_password'

2024-04-07 22:05:48 - [MESSAGE][PASSED] - Text ****** has been set on object 'Object Repository/TestOpsIntegration/Page_CURA Healthcare Service/input_Password_password'

2024-04-07 22:05:48 - [TEST_STEP][PASSED] - click(findTestObject("Object Repository/TestOpsIntegration/Page_CURA Healthcare Service/button_Login")): Object: 'Object Repository/TestOpsIntegration/Page_CURA Healthcare Service/button_Login' is clicked on

2024-04-07 22:05:50 - [MESSAGE][PASSED] - Object: 'Object Repository/TestOpsIntegration/Page_CURA Healthcare Service/button_Login' is clicked on

2024-04-07 22:05:50 - [TEST_STEP][PASSED] - click(findTestObject("Object Repository/TestOpsIntegration/Page_CURA Healthcare Service/input_Medicaid_programs")): Object: 'Object Repository/TestOpsIntegration/Page_CURA Healthcare Service/input_Medicaid_programs' is clicked on

2024-04-07 22:05:51 - [MESSAGE][PASSED] - Object: 'Object Repository/TestOpsIntegration/Page_CURA Healthcare Service/input_Medicaid_programs' is clicked on

2024-04-07 22:05:51 - [TEST_STEP][PASSED] - click(findTestObject("Object Repository/TestOpsIntegration/Page_CURA Healthcare Service/span_Visit Date (Required)_glyphicon glyphi_cada34")): Object: 'Object Repository/TestOpsIntegration/Page_CURA Healthcare Service/span_Visit Date (Required)_glyphicon glyphi_cada34' is clicked on

2024-04-07 22:05:53 - [MESSAGE][PASSED] - Object: 'Object Repository/TestOpsIntegration/Page_CURA Healthcare Service/span_Visit Date (Required)_glyphicon glyphi_cada34' is clicked on

2024-04-07 22:05:53 - [TEST_STEP][PASSED] - click(findTestObject("Object Repository/TestOpsIntegration/Page_CURA Healthcare Service/td_22")): Object: 'Object Repository/TestOpsIntegration/Page_CURA Healthcare Service/td_22' is clicked on

2024-04-07 22:05:54 - [MESSAGE][PASSED] - Object: 'Object Repository/TestOpsIntegration/Page_CURA Healthcare Service/td_22' is clicked on

2024-04-07 22:05:54 - [TEST_STEP][PASSED] - click(findTestObject("Object Repository/TestOpsIntegration/Page_CURA Healthcare Service/input_Visit Date (Required)_visit_date")): Object: 'Object Repository/TestOpsIntegration/Page_CURA Healthcare Service/input_Visit Date (Required)_visit_date' is clicked on

2024-04-07 22:05:55 - [MESSAGE][PASSED] - Object: 'Object Repository/TestOpsIntegration/Page_CURA Healthcare Service/input_Visit Date (Required)_visit_date' is clicked on

2024-04-07 22:05:55 - [TEST_STEP][PASSED] - setText(findTestObject("Object Repository/TestOpsIntegration/Page_CURA Healthcare Service/textarea_Comment_comment"), "Appointment"): Text 'Appointment' is set on object 'Object Repository/TestOpsIntegration/Page_CURA Healthcare Service/textarea_Comment_comment'

2024-04-07 22:05:58 - [MESSAGE][PASSED] - Text 'Appointment' is set on object 'Object Repository/TestOpsIntegration/Page_CURA Healthcare Service/textarea_Comment_comment'

2024-04-07 22:05:58 - [TEST_STEP][PASSED] - click(findTestObject("Object Repository/TestOpsIntegration/Page_CURA Healthcare Service/button_Book Appointment")): Object: 'Object Repository/TestOpsIntegration/Page_CURA Healthcare Service/button_Book Appointment' is clicked on

2024-04-07 22:06:00 - [MESSAGE][PASSED] - Object: 'Object Repository/TestOpsIntegration/Page_CURA Healthcare Service/button_Book Appointment' is clicked on

2024-04-07 22:06:00 - [TEST_STEP][PASSED] - closeBrowser(): Browser is closed

2024-04-07 22:06:01 - [MESSAGE][PASSED] - Browser is closed]]></system-out>
         <system-err><![CDATA[]]></system-err>
      </testcase>
      <system-out><![CDATA[2024-04-07 22:05:15 - [TEST_SUITE][PASSED] - TestOpsIntegration: Test Cases/TestOpsIntegration/TestOpsTesting]]></system-out>
      <system-err><![CDATA[]]></system-err>
   </testsuite>
</testsuites>
